<?xml version="1.0" encoding="UTF-8"?>
<testsuite name="ohtuesimerkki.StatisticsTest" tests="4" skipped="0" failures="0" errors="0" timestamp="2017-10-30T15:27:55" hostname="Mikkos-MacBook-Air.local" time="0.007">
  <properties/>
  <testcase name="hakeeTiiminPelaajat" classname="ohtuesimerkki.StatisticsTest" time="0.005"/>
  <testcase name="hakeeTopScorerit" classname="ohtuesimerkki.StatisticsTest" time="0.001"/>
  <testcase name="hakeePelaajan" classname="ohtuesimerkki.StatisticsTest" time="0.0"/>
  <testcase name="hakuPalauttaaNullJosEiLoydy" classname="ohtuesimerkki.StatisticsTest" time="0.0"/>
  <system-out><![CDATA[]]></system-out>
  <system-err><![CDATA[]]></system-err>
</testsuite>
